2021-10-08 17:44:25,597 INFO com.br.elton.aws.SpringAwsGradleApplicationTests [Test worker] Starting SpringAwsGradleApplicationTests using Java 11.0.11 on DESKTOP-PS1BIP1 with PID 43556 (started by elton in D:\Projetos Desenvolvidos\Projetos AWS\spring-aws-gradle-aws\spring-aws-gradle)
2021-10-08 17:44:25,617 DEBUG com.br.elton.aws.SpringAwsGradleApplicationTests [Test worker] Running with Spring Boot v2.5.5, Spring v5.3.10
2021-10-08 17:44:25,626 INFO com.br.elton.aws.SpringAwsGradleApplicationTests [Test worker] No active profile set, falling back to default profiles: default
2021-10-08 17:44:29,877 INFO com.br.elton.aws.SpringAwsGradleApplicationTests [Test worker] Started SpringAwsGradleApplicationTests in 5.091 seconds (JVM running for 9.571)
2021-11-16 16:38:41,978 INFO com.br.elton.aws.SpringAwsGradleApplicationTests [Test worker] Starting SpringAwsGradleApplicationTests using Java 11.0.11 on DESKTOP-PS1BIP1 with PID 24612 (started by elton in D:\Projetos Desenvolvidos\TerraForm\Projeto AWS publicacao github\spring-aws-gradle-terraform)
2021-11-16 16:38:41,994 DEBUG com.br.elton.aws.SpringAwsGradleApplicationTests [Test worker] Running with Spring Boot v2.5.5, Spring v5.3.10
2021-11-16 16:38:41,994 INFO com.br.elton.aws.SpringAwsGradleApplicationTests [Test worker] No active profile set, falling back to default profiles: default
2021-11-16 16:38:43,281 INFO com.br.elton.aws.SpringAwsGradleApplicationTests [Test worker] Started SpringAwsGradleApplicationTests in 1.54 seconds (JVM running for 3.133)
2021-11-16 17:15:56,618 INFO com.br.elton.aws.SpringAwsGradleApplicationTests [Test worker] Starting SpringAwsGradleApplicationTests using Java 11.0.11 on DESKTOP-PS1BIP1 with PID 22624 (started by elton in D:\Projetos Desenvolvidos\TerraForm\Projeto AWS publicacao github\spring-aws-gradle-terraform)
2021-11-16 17:15:56,618 DEBUG com.br.elton.aws.SpringAwsGradleApplicationTests [Test worker] Running with Spring Boot v2.5.5, Spring v5.3.10
2021-11-16 17:15:56,618 INFO com.br.elton.aws.SpringAwsGradleApplicationTests [Test worker] No active profile set, falling back to default profiles: default
2021-11-16 17:15:57,784 INFO com.br.elton.aws.SpringAwsGradleApplicationTests [Test worker] Started SpringAwsGradleApplicationTests in 1.387 seconds (JVM running for 2.789)
2021-11-16 17:16:19,918 INFO com.br.elton.aws.SpringAwsGradleApplication [restartedMain] Starting SpringAwsGradleApplication using Java 11.0.11 on DESKTOP-PS1BIP1 with PID 18772 (D:\Projetos Desenvolvidos\TerraForm\Projeto AWS publicacao github\spring-aws-gradle-terraform\build\classes\java\main started by elton in D:\Projetos Desenvolvidos\TerraForm\Projeto AWS publicacao github\spring-aws-gradle-terraform)
2021-11-16 17:16:19,918 DEBUG com.br.elton.aws.SpringAwsGradleApplication [restartedMain] Running with Spring Boot v2.5.5, Spring v5.3.10
2021-11-16 17:16:19,918 INFO com.br.elton.aws.SpringAwsGradleApplication [restartedMain] No active profile set, falling back to default profiles: default
2021-11-16 17:16:21,786 INFO com.br.elton.aws.SpringAwsGradleApplication [restartedMain] Started SpringAwsGradleApplication in 2.278 seconds (JVM running for 2.879)
2021-11-16 17:17:24,773 INFO com.br.elton.aws.adapter.controller.ConsoleController [http-nio-8180-exec-1] Execute Find all
2021-11-16 17:17:30,882 INFO com.br.elton.aws.adapter.controller.ConsoleController [http-nio-8180-exec-3] Get console By Id: 5
2021-11-16 17:17:41,678 INFO com.br.elton.aws.adapter.controller.GameController [http-nio-8180-exec-4] Execute Find all
2021-11-16 17:17:50,176 INFO com.br.elton.aws.adapter.controller.GameController [http-nio-8180-exec-6] Execute Find all
2021-11-16 17:18:02,159 INFO com.br.elton.aws.adapter.controller.GameController [http-nio-8180-exec-7] Get game By Id: 6
2021-11-16 17:18:38,300 INFO com.br.elton.aws.adapter.controller.GameController [http-nio-8180-exec-9] Get game By Id: 1
2021-11-16 17:21:49,344 INFO com.br.elton.aws.SpringAwsGradleApplicationTests [Test worker] Starting SpringAwsGradleApplicationTests using Java 11.0.11 on DESKTOP-PS1BIP1 with PID 1764 (started by elton in D:\Projetos Desenvolvidos\TerraForm\Projeto AWS publicacao github\spring-aws-gradle-terraform)
2021-11-16 17:21:49,351 DEBUG com.br.elton.aws.SpringAwsGradleApplicationTests [Test worker] Running with Spring Boot v2.5.5, Spring v5.3.10
2021-11-16 17:21:49,351 INFO com.br.elton.aws.SpringAwsGradleApplicationTests [Test worker] No active profile set, falling back to default profiles: default
2021-11-16 17:21:50,532 INFO com.br.elton.aws.SpringAwsGradleApplicationTests [Test worker] Started SpringAwsGradleApplicationTests in 1.458 seconds (JVM running for 2.853)
